time:2017-07-09 10:24:02	run_name:mix_fin1_vgg2_10	fold:0	acc:0.766479099678	logloss:0.703606324064	bacc:0.694705259518
time:2017-07-09 10:24:03	run_name:mix_fin1_vgg2_10	fold:1	acc:0.770438985099	logloss:0.678997197739	bacc:0.708184590668
time:2017-07-09 10:24:04	run_name:mix_fin1_vgg2_10	fold:2	acc:0.760483870968	logloss:0.694758948871	bacc:0.688275154335
time:2017-07-09 10:24:05	run_name:mix_fin1_vgg2_10	fold:3	acc:0.771901493742	logloss:0.667556106539	bacc:0.688237203701
time:2017-07-09 10:24:06	run_name:mix_fin1_vgg2_10	fold:4	acc:0.778227438284	logloss:0.693152706627	bacc:0.722454728872
time:2017-07-09 10:24:09	run_name:mix_fin1_resnet_20	fold:0	acc:0.774115755627	logloss:0.670975877101	bacc:0.690551255719
time:2017-07-09 10:24:10	run_name:mix_fin1_resnet_20	fold:1	acc:0.780910189287	logloss:0.667235958652	bacc:0.70818713093
time:2017-07-09 10:24:12	run_name:mix_fin1_resnet_20	fold:2	acc:0.763709677419	logloss:0.690770423607	bacc:0.688872023459
time:2017-07-09 10:24:14	run_name:mix_fin1_resnet_20	fold:3	acc:0.777957206298	logloss:0.642516473354	bacc:0.699828428771
time:2017-07-09 10:24:16	run_name:mix_fin1_resnet_20	fold:4	acc:0.777013354917	logloss:0.67199109107	bacc:0.699887821339
time:2017-07-09 10:24:17	run_name:mix_fin1_cnn_color_20	fold:0	acc:0.748392282958	logloss:0.732173128626	bacc:0.669950042977
time:2017-07-09 10:24:18	run_name:mix_fin1_cnn_color_20	fold:1	acc:0.740233588401	logloss:0.724775238895	bacc:0.665018393699
time:2017-07-09 10:24:18	run_name:mix_fin1_cnn_color_20	fold:2	acc:0.739919354839	logloss:0.757229182189	bacc:0.650398980679
time:2017-07-09 10:24:18	run_name:mix_fin1_cnn_color_20	fold:3	acc:0.750100928543	logloss:0.733895185564	bacc:0.64986400092
time:2017-07-09 10:24:19	run_name:mix_fin1_cnn_color_20	fold:4	acc:0.743019020639	logloss:0.749867915049	bacc:0.676733526241
time:2017-07-09 10:24:20	run_name:mix_fin1_cnn5_1_20	fold:0	acc:0.773713826367	logloss:0.653289688989	bacc:0.711358319488
time:2017-07-09 10:24:20	run_name:mix_fin1_cnn5_1_20	fold:1	acc:0.766411598872	logloss:0.659175209157	bacc:0.711261888349
time:2017-07-09 10:24:21	run_name:mix_fin1_cnn5_1_20	fold:2	acc:0.776612903226	logloss:0.65530728874	bacc:0.691484295589
time:2017-07-09 10:24:21	run_name:mix_fin1_cnn5_1_20	fold:3	acc:0.768671780379	logloss:0.633979103943	bacc:0.668190586257
time:2017-07-09 10:24:21	run_name:mix_fin1_cnn5_1_20	fold:4	acc:0.767705382436	logloss:0.674804662182	bacc:0.714324113152
time:2017-07-09 10:24:23	run_name:mix_fin1_cnn5_2_20	fold:0	acc:0.77692926045	logloss:0.660452366392	bacc:0.703023164399
time:2017-07-09 10:24:23	run_name:mix_fin1_cnn5_2_20	fold:1	acc:0.770036246476	logloss:0.667324946018	bacc:0.713107245913
time:2017-07-09 10:24:23	run_name:mix_fin1_cnn5_2_20	fold:2	acc:0.777016129032	logloss:0.664506155437	bacc:0.726333720728
time:2017-07-09 10:24:24	run_name:mix_fin1_cnn5_2_20	fold:3	acc:0.769882922891	logloss:0.6464114127	bacc:0.693450227661
time:2017-07-09 10:24:24	run_name:mix_fin1_cnn5_2_20	fold:4	acc:0.768514771348	logloss:0.684530299061	bacc:0.722007665751
time:2017-07-09 10:24:25	run_name:mix_fin1_cnn5_3_20	fold:0	acc:0.771704180064	logloss:0.65144568675	bacc:0.70651046381
time:2017-07-09 10:24:25	run_name:mix_fin1_cnn5_3_20	fold:1	acc:0.76761981474	logloss:0.659174537031	bacc:0.711398029763
time:2017-07-09 10:24:26	run_name:mix_fin1_cnn5_3_20	fold:2	acc:0.779435483871	logloss:0.655007322105	bacc:0.691611288902
time:2017-07-09 10:24:26	run_name:mix_fin1_cnn5_3_20	fold:3	acc:0.770286637061	logloss:0.634004219042	bacc:0.676485113936
time:2017-07-09 10:24:26	run_name:mix_fin1_cnn5_3_20	fold:4	acc:0.766895993525	logloss:0.67450961079	bacc:0.713821855982
time:2017-07-09 10:24:28	run_name:mix_fin1_resnet_aug_10	fold:0	acc:0.784967845659	logloss:0.648700744145	bacc:0.703394549947
time:2017-07-09 10:24:29	run_name:mix_fin1_resnet_aug_10	fold:1	acc:0.777688280306	logloss:0.648939270174	bacc:0.709096910576
time:2017-07-09 10:24:30	run_name:mix_fin1_resnet_aug_10	fold:2	acc:0.778225806452	logloss:0.661275940269	bacc:0.677260242408
time:2017-07-09 10:24:31	run_name:mix_fin1_resnet_aug_10	fold:3	acc:0.784820347194	logloss:0.622976197793	bacc:0.691530763762
time:2017-07-09 10:24:32	run_name:mix_fin1_resnet_aug_10	fold:4	acc:0.77863213274	logloss:0.64932694164	bacc:0.721386021604
time:2017-07-09 10:26:41	run_name:mix_fin1_mix_vgg2_aug_10	fold:0	acc:0.76808681672	logloss:0.712491483619	bacc:0.691503005081
time:2017-07-09 10:26:42	run_name:mix_fin1_mix_vgg2_aug_10	fold:1	acc:0.768828030608	logloss:0.698058024683	bacc:0.696807428161
time:2017-07-09 10:26:43	run_name:mix_fin1_mix_vgg2_aug_10	fold:2	acc:0.762096774194	logloss:0.708167923802	bacc:0.663944245459
time:2017-07-09 10:26:44	run_name:mix_fin1_mix_vgg2_aug_10	fold:3	acc:0.772708922083	logloss:0.668966062842	bacc:0.685934203523
time:2017-07-09 10:26:44	run_name:mix_fin1_mix_vgg2_aug_10	fold:4	acc:0.770942938082	logloss:0.696582745494	bacc:0.716900528998
time:2017-07-09 10:30:17	run_name:mix_fin1_greedy1	fold:0	acc:0.790594855305	logloss:0.619477108272	bacc:0.728653807362
time:2017-07-09 10:30:19	run_name:mix_fin1_greedy1	fold:1	acc:0.787756745872	logloss:0.616231299036	bacc:0.736843326406
time:2017-07-09 10:30:21	run_name:mix_fin1_greedy1	fold:2	acc:0.784274193548	logloss:0.622649605496	bacc:0.702648865712
time:2017-07-09 10:30:23	run_name:mix_fin1_greedy1	fold:3	acc:0.787646346387	logloss:0.597539391601	bacc:0.701573506948
time:2017-07-09 10:30:25	run_name:mix_fin1_greedy1	fold:4	acc:0.785107244031	logloss:0.626519067893	bacc:0.738875008083
time:2017-07-09 10:40:39	run_name:keras_stacking_f1_1	fold:0	acc:0.782154340836	logloss:0.640575570509	bacc:0.707430723572
time:2017-07-09 10:43:55	run_name:keras_stacking_f1_1	fold:1	acc:0.779701973419	logloss:0.6374149586	bacc:0.715252295683
time:2017-07-09 10:47:33	run_name:keras_stacking_f1_1	fold:2	acc:0.785483870968	logloss:0.638568303463	bacc:0.704083901735
time:2017-07-09 10:51:26	run_name:keras_stacking_f1_1	fold:3	acc:0.784012918853	logloss:0.60294120015	bacc:0.699497295825
time:2017-07-09 10:55:30	run_name:keras_stacking_f1_1	fold:4	acc:0.779846216107	logloss:0.638130217628	bacc:0.746777607682
time:2017-07-09 11:13:37	run_name:keras_stacking_f2_1	fold:0	acc:0.777733118971	logloss:0.638419922519	bacc:0.704388095172
time:2017-07-09 11:20:50	run_name:keras_stacking_f2_1	fold:1	acc:0.777688280306	logloss:0.639952847604	bacc:0.717491541881
time:2017-07-09 11:28:28	run_name:keras_stacking_f2_1	fold:2	acc:0.782661290323	logloss:0.639564551002	bacc:0.707636099627
time:2017-07-09 11:36:34	run_name:keras_stacking_f2_1	fold:3	acc:0.784416633024	logloss:0.601432612434	bacc:0.697246514613
time:2017-07-09 11:44:22	run_name:keras_stacking_f2_1	fold:4	acc:0.781060299474	logloss:0.630770547467	bacc:0.747258107448
time:2017-07-09 12:37:18	run_name:keras_stacking_f1_2	fold:0	acc:0.782154340836	logloss:0.641852273064	bacc:0.713755769238
time:2017-07-09 13:04:10	run_name:keras_stacking_f1_2	fold:1	acc:0.782118405155	logloss:0.641408606078	bacc:0.710172793968
time:2017-07-09 13:31:52	run_name:keras_stacking_f1_2	fold:2	acc:0.787903225806	logloss:0.642265858676	bacc:0.703989132973
time:2017-07-09 14:00:19	run_name:keras_stacking_f1_2	fold:3	acc:0.788857488898	logloss:0.601724676059	bacc:0.710216902278
time:2017-07-09 14:28:54	run_name:keras_stacking_f1_2	fold:4	acc:0.777822743828	logloss:0.644253305727	bacc:0.743302645876
time:2017-07-09 15:42:52	run_name:keras_stacking_f2_2	fold:0	acc:0.784967845659	logloss:0.635941003901	bacc:0.710433051968
time:2017-07-09 16:14:19	run_name:keras_stacking_f2_2	fold:1	acc:0.781715666532	logloss:0.642679595693	bacc:0.720669429445
time:2017-07-09 16:46:17	run_name:keras_stacking_f2_2	fold:2	acc:0.780241935484	logloss:0.64265777358	bacc:0.703095457886
time:2017-07-09 16:55:06	run_name:mix_stack_temp1	fold:0	acc:0.780546623794	logloss:0.637219391497	bacc:0.703511245945
time:2017-07-09 16:55:06	run_name:mix_stack_temp1	fold:1	acc:0.778896496174	logloss:0.636766040699	bacc:0.716496789495
time:2017-07-09 16:55:07	run_name:mix_stack_temp1	fold:2	acc:0.78185483871	logloss:0.637046047351	bacc:0.704056580823
time:2017-07-09 16:55:07	run_name:mix_stack_temp1	fold:3	acc:0.783205490513	logloss:0.599884088923	bacc:0.699902512381
time:2017-07-09 16:55:07	run_name:mix_stack_temp1	fold:4	acc:0.781060299474	logloss:0.632030963588	bacc:0.75278227604
time:2017-07-09 16:55:09	run_name:mix_stack_temp2	fold:0	acc:0.782958199357	logloss:0.635604983838	bacc:0.71312225753
time:2017-07-09 16:55:09	run_name:mix_stack_temp2	fold:1	acc:0.780910189287	logloss:0.636163161357	bacc:0.722228721815
time:2017-07-09 16:55:10	run_name:mix_stack_temp2	fold:2	acc:0.783467741935	logloss:0.636610878638	bacc:0.70791375193
time:2017-07-09 16:55:10	run_name:mix_stack_temp2	fold:3	acc:0.786838918046	logloss:0.598168730912	bacc:0.701944092783
time:2017-07-09 16:55:11	run_name:mix_stack_temp2	fold:4	acc:0.778227438284	logloss:0.632158126968	bacc:0.746639028454
time:2017-07-09 16:57:29	run_name:mix_fin1_greedy2	fold:0	acc:0.790594855305	logloss:0.615794082495	bacc:0.718354889765
time:2017-07-09 16:57:29	run_name:mix_fin1_greedy2	fold:1	acc:0.78896496174	logloss:0.61262392495	bacc:0.730507243862
time:2017-07-09 16:57:30	run_name:mix_fin1_greedy2	fold:2	acc:0.785887096774	logloss:0.617754490387	bacc:0.706197318103
time:2017-07-09 16:57:30	run_name:mix_fin1_greedy2	fold:3	acc:0.789664917239	logloss:0.58967303659	bacc:0.704682759188
time:2017-07-09 16:57:31	run_name:mix_fin1_greedy2	fold:4	acc:0.785916632942	logloss:0.621537117611	bacc:0.739398057426
time:2017-07-09 16:59:08	run_name:mix_greedy2_temp	fold:0	acc:0.788987138264	logloss:0.61767389967	bacc:0.723453777937
time:2017-07-09 16:59:08	run_name:mix_greedy2_temp	fold:1	acc:0.787756745872	logloss:0.614975277741	bacc:0.733518959867
time:2017-07-09 16:59:09	run_name:mix_greedy2_temp	fold:2	acc:0.788306451613	logloss:0.619163084538	bacc:0.706590097152
time:2017-07-09 16:59:09	run_name:mix_greedy2_temp	fold:3	acc:0.787242632216	logloss:0.591705002414	bacc:0.702432176882
time:2017-07-09 16:59:09	run_name:mix_greedy2_temp	fold:4	acc:0.785107244031	logloss:0.621655453444	bacc:0.737820049591
time:2017-07-09 17:08:34	run_name:mix_fin1_greedy2	fold:0	acc:0.790594855305	logloss:0.615794082495	bacc:0.718354889765
time:2017-07-09 17:08:35	run_name:mix_fin1_greedy2	fold:1	acc:0.78896496174	logloss:0.61262392495	bacc:0.730507243862
time:2017-07-09 17:08:35	run_name:mix_fin1_greedy2	fold:2	acc:0.785887096774	logloss:0.617754490387	bacc:0.706197318103
time:2017-07-09 17:08:36	run_name:mix_fin1_greedy2	fold:3	acc:0.789664917239	logloss:0.58967303659	bacc:0.704682759188
time:2017-07-09 17:08:36	run_name:mix_fin1_greedy2	fold:4	acc:0.785916632942	logloss:0.621537117611	bacc:0.739398057426
time:2017-07-09 17:09:41	run_name:mix_fin1_greedy2_adjust_bacc	fold:0	acc:0.790594855305	logloss:0.62533050917	bacc:0.685247714768
time:2017-07-09 17:10:01	run_name:mix_fin1_greedy2_adjust_bacc	fold:1	acc:0.786145791381	logloss:0.625002060085	bacc:0.732484966633
time:2017-07-09 17:10:20	run_name:mix_fin1_greedy2_adjust_bacc	fold:2	acc:0.783870967742	logloss:0.618041472213	bacc:0.710919575986
time:2017-07-09 17:10:40	run_name:mix_fin1_greedy2_adjust_bacc	fold:3	acc:0.788857488898	logloss:0.607516700364	bacc:0.703887699796
time:2017-07-09 17:11:00	run_name:mix_fin1_greedy2_adjust_bacc	fold:4	acc:0.783488466208	logloss:0.620933901063	bacc:0.734249787544
time:2017-07-09 17:11:19	run_name:mix_fin1_greedy2_adjust_logloss	fold:0	acc:0.788585209003	logloss:0.613774139914	bacc:0.721182850046
time:2017-07-09 17:11:37	run_name:mix_fin1_greedy2_adjust_logloss	fold:1	acc:0.78896496174	logloss:0.609802038451	bacc:0.732206505464
time:2017-07-09 17:11:55	run_name:mix_fin1_greedy2_adjust_logloss	fold:2	acc:0.7875	logloss:0.613470696949	bacc:0.707053746446
time:2017-07-09 17:12:14	run_name:mix_fin1_greedy2_adjust_logloss	fold:3	acc:0.788857488898	logloss:0.584342375315	bacc:0.703985290755
time:2017-07-09 17:12:32	run_name:mix_fin1_greedy2_adjust_logloss	fold:4	acc:0.783488466208	logloss:0.620217817117	bacc:0.740006639648
time:2017-07-10 01:50:26	run_name:keras_cnn5_2_2_e73	fold:0	acc:0.76768488746	logloss:0.693923999411	bacc:0.677064433382
time:2017-07-10 02:08:40	run_name:keras_cnn5_2_2_e73	fold:1	acc:0.761981474023	logloss:0.681786854745	bacc:0.701172015995
time:2017-07-10 02:26:42	run_name:keras_cnn5_2_2_e73	fold:2	acc:0.761693548387	logloss:0.69577598649	bacc:0.667091944233
time:2017-07-10 02:44:43	run_name:keras_cnn5_2_2_e73	fold:3	acc:0.761808639483	logloss:0.666199475291	bacc:0.686053706491
time:2017-07-10 03:02:46	run_name:keras_cnn5_2_2_e73	fold:4	acc:0.762039660057	logloss:0.708335369969	bacc:0.698584435548
time:2017-07-10 03:24:29	run_name:keras_cnn5_2_2_e74	fold:0	acc:0.770498392283	logloss:0.694427694084	bacc:0.673203655664
time:2017-07-10 03:42:51	run_name:keras_cnn5_2_2_e74	fold:1	acc:0.755940394684	logloss:0.706621088356	bacc:0.697592981658
time:2017-07-10 04:01:18	run_name:keras_cnn5_2_2_e74	fold:2	acc:0.770967741935	logloss:0.691902803573	bacc:0.672390709751
time:2017-07-10 04:19:41	run_name:keras_cnn5_2_2_e74	fold:3	acc:0.760597496972	logloss:0.679889518489	bacc:0.654268095758
time:2017-07-10 04:38:04	run_name:keras_cnn5_2_2_e74	fold:4	acc:0.753541076487	logloss:0.709805092195	bacc:0.692099479644
time:2017-07-10 05:00:06	run_name:keras_cnn5_2_2_e75	fold:0	acc:0.770498392283	logloss:0.683164742309	bacc:0.6941426709
time:2017-07-10 05:18:43	run_name:keras_cnn5_2_2_e75	fold:1	acc:0.76600886025	logloss:0.695731291478	bacc:0.688506216873
time:2017-07-10 05:37:22	run_name:keras_cnn5_2_2_e75	fold:2	acc:0.766935483871	logloss:0.699142120585	bacc:0.677097299878
time:2017-07-10 05:55:59	run_name:keras_cnn5_2_2_e75	fold:3	acc:0.75777149778	logloss:0.668133978949	bacc:0.665343831028
time:2017-07-10 06:14:36	run_name:keras_cnn5_2_2_e75	fold:4	acc:0.75515985431	logloss:0.712428858571	bacc:0.694825057547
time:2017-07-10 06:36:46	run_name:keras_cnn5_2_2_e76	fold:0	acc:0.770096463023	logloss:0.686616596648	bacc:0.692087539979
time:2017-07-10 06:55:37	run_name:keras_cnn5_2_2_e76	fold:1	acc:0.754329440193	logloss:0.715135811829	bacc:0.696789334124
time:2017-07-10 07:14:30	run_name:keras_cnn5_2_2_e76	fold:2	acc:0.766129032258	logloss:0.690759066016	bacc:0.681612803026
time:2017-07-10 07:33:21	run_name:keras_cnn5_2_2_e76	fold:3	acc:0.756156641098	logloss:0.686126894657	bacc:0.674434731264
time:2017-07-10 07:52:13	run_name:keras_cnn5_2_2_e76	fold:4	acc:0.7579927155	logloss:0.704073743897	bacc:0.697847135892
time:2017-07-10 08:26:28	run_name:mix_fin1_cnn5_4_20	fold:0	acc:0.772508038585	logloss:0.667628493284	bacc:0.700713314078
time:2017-07-10 08:26:28	run_name:mix_fin1_cnn5_4_20	fold:1	acc:0.763995167137	logloss:0.677487851897	bacc:0.710750311065
time:2017-07-10 08:26:29	run_name:mix_fin1_cnn5_4_20	fold:2	acc:0.773387096774	logloss:0.674963026343	bacc:0.681349172448
time:2017-07-10 08:26:29	run_name:mix_fin1_cnn5_4_20	fold:3	acc:0.765442067017	logloss:0.653888074849	bacc:0.669734114443
time:2017-07-10 08:26:30	run_name:mix_fin1_cnn5_4_20	fold:4	acc:0.758802104411	logloss:0.688524929327	bacc:0.707053604497
time:2017-07-10 08:28:10	run_name:mix_greedy_temp1	fold:0	acc:0.774919614148	logloss:0.650598157964	bacc:0.710481222113
time:2017-07-10 08:28:11	run_name:mix_greedy_temp1	fold:1	acc:0.768828030608	logloss:0.655639733321	bacc:0.712989258387
time:2017-07-10 08:28:12	run_name:mix_greedy_temp1	fold:2	acc:0.779838709677	logloss:0.652235111237	bacc:0.706483052833
time:2017-07-10 08:28:13	run_name:mix_greedy_temp1	fold:3	acc:0.771094065402	logloss:0.63212722243	bacc:0.685033111561
time:2017-07-10 08:28:15	run_name:mix_greedy_temp1	fold:4	acc:0.772157021449	logloss:0.669628856517	bacc:0.72332804977
time:2017-07-11 01:44:59	run_name:keras_cnn5_3_st1_e58	fold:0	acc:0.753215434084	logloss:0.717042907762	bacc:0.694116774076
time:2017-07-11 02:05:11	run_name:keras_cnn5_3_st1_e58	fold:1	acc:0.761175996778	logloss:0.691946786144	bacc:0.683045632648
time:2017-07-11 02:25:10	run_name:keras_cnn5_3_st1_e58	fold:2	acc:0.759274193548	logloss:0.698966807932	bacc:0.687930611247
time:2017-07-11 02:45:12	run_name:keras_cnn5_3_st1_e58	fold:3	acc:0.752926927735	logloss:0.699836541378	bacc:0.662147896979
time:2017-07-11 03:05:18	run_name:keras_cnn5_3_st1_e58	fold:4	acc:0.756778632133	logloss:0.72625842274	bacc:0.701798548957
time:2017-07-11 03:31:45	run_name:keras_cnn5_3_st1_e59	fold:0	acc:0.744372990354	logloss:0.745316438722	bacc:0.674726345558
time:2017-07-11 03:52:16	run_name:keras_cnn5_3_st1_e59	fold:1	acc:0.749093838099	logloss:0.699559582399	bacc:0.683852626628
time:2017-07-11 04:12:36	run_name:keras_cnn5_3_st1_e59	fold:2	acc:0.754435483871	logloss:0.714222435867	bacc:0.678426417191
time:2017-07-11 04:33:07	run_name:keras_cnn5_3_st1_e59	fold:3	acc:0.751715785224	logloss:0.67644443033	bacc:0.67830775598
time:2017-07-11 04:53:39	run_name:keras_cnn5_3_st1_e59	fold:4	acc:0.750303520842	logloss:0.725983750668	bacc:0.685057474578
time:2017-07-11 05:20:28	run_name:keras_cnn5_3_st1_e60	fold:0	acc:0.765273311897	logloss:0.696535287556	bacc:0.704528026107
time:2017-07-11 05:41:01	run_name:keras_cnn5_3_st1_e60	fold:1	acc:0.751510269835	logloss:0.722590243231	bacc:0.670476940142
time:2017-07-11 06:01:33	run_name:keras_cnn5_3_st1_e60	fold:2	acc:0.759274193548	logloss:0.702411578699	bacc:0.687996990248
time:2017-07-11 06:22:04	run_name:keras_cnn5_3_st1_e60	fold:3	acc:0.753330641906	logloss:0.680077337546	bacc:0.670886729906
time:2017-07-11 06:42:49	run_name:keras_cnn5_3_st1_e60	fold:4	acc:0.76082557669	logloss:0.718530279989	bacc:0.700584984458
time:2017-07-11 07:09:53	run_name:keras_cnn5_3_st1_e61	fold:0	acc:0.762459807074	logloss:0.702920577129	bacc:0.675657533656
time:2017-07-11 07:30:51	run_name:keras_cnn5_3_st1_e61	fold:1	acc:0.756745871929	logloss:0.70119326789	bacc:0.681814023244
time:2017-07-11 07:51:50	run_name:keras_cnn5_3_st1_e61	fold:2	acc:0.764919354839	logloss:0.710578886328	bacc:0.674230041175
time:2017-07-11 08:13:00	run_name:keras_cnn5_3_st1_e61	fold:3	acc:0.771094065402	logloss:0.652707120473	bacc:0.699681538494
time:2017-07-11 08:34:06	run_name:keras_cnn5_3_st1_e61	fold:4	acc:0.764872521246	logloss:0.708743016231	bacc:0.685403673896
time:2017-07-11 08:59:11	run_name:keras_cnn5_3_st0_e64	fold:0	acc:0.765273311897	logloss:0.702608630689	bacc:0.693614132766
time:2017-07-11 09:17:57	run_name:keras_cnn5_3_st0_e64	fold:1	acc:0.749496576722	logloss:0.720682107089	bacc:0.692570159181
time:2017-07-11 09:36:39	run_name:keras_cnn5_3_st0_e64	fold:2	acc:0.758870967742	logloss:0.714540692811	bacc:0.65621065215
time:2017-07-11 09:55:17	run_name:keras_cnn5_3_st0_e64	fold:3	acc:0.760597496972	logloss:0.675544286782	bacc:0.658555198733
time:2017-07-11 10:13:51	run_name:keras_cnn5_3_st0_e64	fold:4	acc:0.749898826386	logloss:0.743383338899	bacc:0.701038857553
time:2017-07-11 10:37:32	run_name:keras_cnn5_3_st0_e65	fold:0	acc:0.760852090032	logloss:0.738665527108	bacc:0.660635303501
time:2017-07-11 10:56:24	run_name:keras_cnn5_3_st0_e65	fold:1	acc:0.743858236005	logloss:0.740250398976	bacc:0.664742539217
time:2017-07-11 11:15:18	run_name:keras_cnn5_3_st0_e65	fold:2	acc:0.755241935484	logloss:0.7159948864	bacc:0.670432636554
time:2017-07-11 11:34:11	run_name:keras_cnn5_3_st0_e65	fold:3	acc:0.75777149778	logloss:0.691131145281	bacc:0.677347046241
time:2017-07-11 11:52:54	run_name:keras_cnn5_3_st0_e65	fold:4	acc:0.747470659652	logloss:0.759565845604	bacc:0.689582675282
time:2017-07-11 12:16:50	run_name:keras_cnn5_3_st0_e66	fold:0	acc:0.770900321543	logloss:0.705953085021	bacc:0.699742193893
time:2017-07-11 12:36:00	run_name:keras_cnn5_3_st0_e66	fold:1	acc:0.755537656061	logloss:0.724201893936	bacc:0.673714965659
time:2017-07-11 12:55:09	run_name:keras_cnn5_3_st0_e66	fold:2	acc:0.754435483871	logloss:0.726076364646	bacc:0.666288300566
time:2017-07-11 13:14:12	run_name:keras_cnn5_3_st0_e66	fold:3	acc:0.74727492935	logloss:0.70506369851	bacc:0.663995455944
time:2017-07-11 13:33:09	run_name:keras_cnn5_3_st0_e66	fold:4	acc:0.753945770943	logloss:0.724808656434	bacc:0.687940122502
time:2017-07-11 13:57:09	run_name:keras_cnn5_3_st0_e67	fold:0	acc:0.761655948553	logloss:0.708271351679	bacc:0.70177499469
time:2017-07-11 14:16:31	run_name:keras_cnn5_3_st0_e67	fold:1	acc:0.755537656061	logloss:0.722703965087	bacc:0.672870320126
time:2017-07-11 14:35:45	run_name:keras_cnn5_3_st0_e67	fold:2	acc:0.747580645161	logloss:0.725546637725	bacc:0.658052486958
time:2017-07-11 14:55:00	run_name:keras_cnn5_3_st0_e67	fold:3	acc:0.759386354461	logloss:0.685714450792	bacc:0.672231614055
time:2017-07-11 15:14:15	run_name:keras_cnn5_3_st0_e67	fold:4	acc:0.751517604209	logloss:0.733143504756	bacc:0.681229993804
time:2017-07-11 22:56:47	run_name:keras_cnn5_4_1_e56	fold:0	acc:0.775321543408	logloss:0.668469467283	bacc:0.703003162981
time:2017-07-11 23:30:37	run_name:keras_cnn5_4_1_e56	fold:1	acc:0.769633507853	logloss:0.684975783147	bacc:0.694476293372
time:2017-07-12 00:03:51	run_name:keras_cnn5_4_1_e56	fold:2	acc:0.76814516129	logloss:0.691220419704	bacc:0.686073873794
time:2017-07-12 00:37:21	run_name:keras_cnn5_4_1_e56	fold:3	acc:0.768268066209	logloss:0.646934932111	bacc:0.678173504336
time:2017-07-12 01:10:20	run_name:keras_cnn5_4_1_e56	fold:4	acc:0.757588021044	logloss:0.695746551352	bacc:0.69778145363
time:2017-07-12 01:52:34	run_name:keras_cnn5_4_1_e57	fold:0	acc:0.771302250804	logloss:0.674110830748	bacc:0.690563906877
time:2017-07-12 02:26:33	run_name:keras_cnn5_4_1_e57	fold:1	acc:0.76761981474	logloss:0.678226938387	bacc:0.712140489356
time:2017-07-12 03:00:17	run_name:keras_cnn5_4_1_e57	fold:2	acc:0.765322580645	logloss:0.702206569405	bacc:0.677160084183
time:2017-07-12 03:34:03	run_name:keras_cnn5_4_1_e57	fold:3	acc:0.764634638676	logloss:0.653183140726	bacc:0.688476403262
time:2017-07-12 04:07:43	run_name:keras_cnn5_4_1_e57	fold:4	acc:0.762444354512	logloss:0.693764291195	bacc:0.707194820101
time:2017-07-12 04:50:38	run_name:keras_cnn5_4_1_e58	fold:0	acc:0.761254019293	logloss:0.681271698326	bacc:0.693818289502
time:2017-07-12 05:24:44	run_name:keras_cnn5_4_1_e58	fold:1	acc:0.761175996778	logloss:0.673836107432	bacc:0.712594728633
time:2017-07-12 05:58:52	run_name:keras_cnn5_4_1_e58	fold:2	acc:0.768951612903	logloss:0.687311869983	bacc:0.68801789123
time:2017-07-12 06:32:59	run_name:keras_cnn5_4_1_e58	fold:3	acc:0.769882922891	logloss:0.658328914216	bacc:0.661395444041
time:2017-07-12 07:07:07	run_name:keras_cnn5_4_1_e58	fold:4	acc:0.766895993525	logloss:0.690427665343	bacc:0.713755131318
time:2017-07-12 07:50:41	run_name:keras_cnn5_4_1_e59	fold:0	acc:0.775321543408	logloss:0.670083584663	bacc:0.698170381843
time:2017-07-12 08:25:26	run_name:keras_cnn5_4_1_e59	fold:1	acc:0.765606121627	logloss:0.666482921616	bacc:0.704812936036
time:2017-07-12 09:00:45	run_name:keras_cnn5_4_1_e59	fold:2	acc:0.771774193548	logloss:0.689356422736	bacc:0.691998036829
time:2017-07-12 09:35:35	run_name:keras_cnn5_4_1_e59	fold:3	acc:0.767460637868	logloss:0.653345490762	bacc:0.667517010374
time:2017-07-12 10:10:24	run_name:keras_cnn5_4_1_e59	fold:4	acc:0.763253743424	logloss:0.693110476312	bacc:0.71448520044
time:2017-07-12 11:36:06	run_name:keras_cnn5_4_2_e128	fold:0	acc:0.774115755627	logloss:0.665013197938	bacc:0.7072199857
time:2017-07-12 12:53:19	run_name:keras_cnn5_4_2_e128	fold:1	acc:0.752718485703	logloss:0.70773131192	bacc:0.685945234964
time:2017-07-12 14:10:18	run_name:keras_cnn5_4_2_e128	fold:2	acc:0.777822580645	logloss:0.676540741872	bacc:0.672113993284
time:2017-07-12 15:27:25	run_name:keras_cnn5_4_2_e128	fold:3	acc:0.775534921276	logloss:0.63768716477	bacc:0.677406179748
time:2017-07-12 16:44:32	run_name:keras_cnn5_4_2_e128	fold:4	acc:0.7579927155	logloss:0.696198270311	bacc:0.692015280176
time:2017-07-12 21:29:53	run_name:mix_fin1_cnn5_5_20	fold:0	acc:0.766881028939	logloss:0.683026745792	bacc:0.694362446415
time:2017-07-12 21:29:53	run_name:mix_fin1_cnn5_5_20	fold:1	acc:0.763592428514	logloss:0.671587833726	bacc:0.692948331869
time:2017-07-12 21:29:53	run_name:mix_fin1_cnn5_5_20	fold:2	acc:0.766129032258	logloss:0.676747111321	bacc:0.698252245163
time:2017-07-12 21:29:54	run_name:mix_fin1_cnn5_5_20	fold:3	acc:0.771497779572	logloss:0.647724750727	bacc:0.698110153297
time:2017-07-12 21:29:54	run_name:mix_fin1_cnn5_5_20	fold:4	acc:0.768110076892	logloss:0.692356511229	bacc:0.713455364213
time:2017-07-12 21:29:55	run_name:mix_fin1_cnn5_6_20	fold:0	acc:0.772508038585	logloss:0.69255789316	bacc:0.702339100192
time:2017-07-12 21:29:56	run_name:mix_fin1_cnn5_6_20	fold:1	acc:0.760773258155	logloss:0.700526613612	bacc:0.696449530002
time:2017-07-12 21:29:56	run_name:mix_fin1_cnn5_6_20	fold:2	acc:0.768548387097	logloss:0.691292671368	bacc:0.662380632239
time:2017-07-12 21:29:56	run_name:mix_fin1_cnn5_6_20	fold:3	acc:0.770690351231	logloss:0.664626153986	bacc:0.682297179301
time:2017-07-12 21:29:57	run_name:mix_fin1_cnn5_6_20	fold:4	acc:0.758802104411	logloss:0.711176471722	bacc:0.696482712472
time:2017-07-12 21:29:58	run_name:mix_fin1_cnn5_7_20	fold:0	acc:0.777733118971	logloss:0.655268948165	bacc:0.702174842875
time:2017-07-12 21:29:58	run_name:mix_fin1_cnn5_7_20	fold:1	acc:0.771647200967	logloss:0.658503399948	bacc:0.713874927164
time:2017-07-12 21:29:58	run_name:mix_fin1_cnn5_7_20	fold:2	acc:0.78064516129	logloss:0.665632692659	bacc:0.696664600427
time:2017-07-12 21:29:59	run_name:mix_fin1_cnn5_7_20	fold:3	acc:0.770286637061	logloss:0.633766813076	bacc:0.680011888399
time:2017-07-12 21:29:59	run_name:mix_fin1_cnn5_7_20	fold:4	acc:0.765681910158	logloss:0.675217651827	bacc:0.716063206024
time:2017-07-12 21:33:30	run_name:mix_greedy_temp_cnns	fold:0	acc:0.772508038585	logloss:0.647596085894	bacc:0.714745063816
time:2017-07-12 21:33:33	run_name:mix_greedy_temp_cnns	fold:1	acc:0.770438985099	logloss:0.650267367965	bacc:0.721101607675
time:2017-07-12 21:33:35	run_name:mix_greedy_temp_cnns	fold:2	acc:0.781048387097	logloss:0.652010056797	bacc:0.695533349723
time:2017-07-12 21:33:40	run_name:mix_greedy_temp_cnns	fold:3	acc:0.775534921276	logloss:0.627482842902	bacc:0.691139189826
time:2017-07-12 21:33:42	run_name:mix_greedy_temp_cnns	fold:4	acc:0.773371104816	logloss:0.665745206725	bacc:0.723231068722
time:2017-07-12 21:35:09	run_name:mix_greedy_temp_cnns2	fold:0	acc:0.774919614148	logloss:0.650598157964	bacc:0.710481222113
time:2017-07-12 21:35:11	run_name:mix_greedy_temp_cnns2	fold:1	acc:0.768828030608	logloss:0.655639733321	bacc:0.712989258387
time:2017-07-12 21:35:12	run_name:mix_greedy_temp_cnns2	fold:2	acc:0.779838709677	logloss:0.652235111237	bacc:0.706483052833
time:2017-07-12 21:35:13	run_name:mix_greedy_temp_cnns2	fold:3	acc:0.771094065402	logloss:0.63212722243	bacc:0.685033111561
time:2017-07-12 21:35:15	run_name:mix_greedy_temp_cnns2	fold:4	acc:0.772157021449	logloss:0.669628856517	bacc:0.72332804977
time:2017-07-12 22:04:13	run_name:mix_stack_temp	fold:0	acc:0.782556270096	logloss:0.636060849246	bacc:0.706749625757
time:2017-07-12 22:04:13	run_name:mix_stack_temp	fold:1	acc:0.781715666532	logloss:0.635424962884	bacc:0.722955491808
time:2017-07-12 22:04:13	run_name:mix_stack_temp	fold:2	acc:0.785080645161	logloss:0.636274808242	bacc:0.708399289702
time:2017-07-12 22:04:14	run_name:mix_stack_temp	fold:3	acc:0.786031489705	logloss:0.59815264261	bacc:0.699161658662
time:2017-07-12 22:04:14	run_name:mix_stack_temp	fold:4	acc:0.778227438284	logloss:0.633065206768	bacc:0.750753577945
time:2017-07-12 22:05:33	run_name:mix_greedy_temp_fin	fold:0	acc:0.790192926045	logloss:0.61694190431	bacc:0.723064907156
time:2017-07-12 22:05:33	run_name:mix_greedy_temp_fin	fold:1	acc:0.789367700362	logloss:0.613655993309	bacc:0.735502058605
time:2017-07-12 22:05:33	run_name:mix_greedy_temp_fin	fold:2	acc:0.789112903226	logloss:0.618472373178	bacc:0.707283231245
time:2017-07-12 22:05:34	run_name:mix_greedy_temp_fin	fold:3	acc:0.788857488898	logloss:0.590410442027	bacc:0.701109283629
time:2017-07-12 22:05:34	run_name:mix_greedy_temp_fin	fold:4	acc:0.783893160664	logloss:0.620873056472	bacc:0.738852995555
time:2017-07-12 22:32:25	run_name:mix_fin1_greedy_cnns	fold:0	acc:0.772508038585	logloss:0.647596085894	bacc:0.714745063816
time:2017-07-12 22:32:27	run_name:mix_fin1_greedy_cnns	fold:1	acc:0.770438985099	logloss:0.650267367965	bacc:0.721101607675
time:2017-07-12 22:32:28	run_name:mix_fin1_greedy_cnns	fold:2	acc:0.781048387097	logloss:0.652010056797	bacc:0.695533349723
time:2017-07-12 22:32:31	run_name:mix_fin1_greedy_cnns	fold:3	acc:0.775534921276	logloss:0.627482842902	bacc:0.691139189826
time:2017-07-12 22:32:33	run_name:mix_fin1_greedy_cnns	fold:4	acc:0.773371104816	logloss:0.665745206725	bacc:0.723231068722
time:2017-07-12 22:32:36	run_name:mix_fin1_greedy3	fold:0	acc:0.790594855305	logloss:0.618605134749	bacc:0.726212009344
time:2017-07-12 22:32:39	run_name:mix_fin1_greedy3	fold:1	acc:0.788562223117	logloss:0.614206775023	bacc:0.737552886365
time:2017-07-12 22:32:41	run_name:mix_fin1_greedy3	fold:2	acc:0.788306451613	logloss:0.623679103994	bacc:0.697858577603
time:2017-07-12 22:32:44	run_name:mix_fin1_greedy3	fold:3	acc:0.788050060557	logloss:0.59580015896	bacc:0.699188207579
time:2017-07-12 22:32:46	run_name:mix_fin1_greedy3	fold:4	acc:0.784297855119	logloss:0.624751733858	bacc:0.738515470808
time:2017-07-12 22:33:08	run_name:mix_fin1_greedy4	fold:0	acc:0.792202572347	logloss:0.619773037141	bacc:0.726009096283
time:2017-07-12 22:33:10	run_name:mix_fin1_greedy4	fold:1	acc:0.789367700362	logloss:0.614743728066	bacc:0.739688934925
time:2017-07-12 22:33:11	run_name:mix_fin1_greedy4	fold:2	acc:0.786693548387	logloss:0.623503677624	bacc:0.698849024775
time:2017-07-12 22:33:13	run_name:mix_fin1_greedy4	fold:3	acc:0.789664917239	logloss:0.596602001396	bacc:0.696297918436
time:2017-07-12 22:33:14	run_name:mix_fin1_greedy4	fold:4	acc:0.783083771752	logloss:0.625210639184	bacc:0.737759426049
time:2017-07-12 22:45:53	run_name:mix_fin1_stack1	fold:0	acc:0.78577170418	logloss:0.639943519663	bacc:0.709004572073
time:2017-07-12 22:49:15	run_name:mix_fin1_stack1	fold:1	acc:0.778896496174	logloss:0.638659643388	bacc:0.715982274246
time:2017-07-12 22:53:29	run_name:mix_fin1_stack1	fold:2	acc:0.783064516129	logloss:0.637751170104	bacc:0.706398227946
time:2017-07-12 22:57:44	run_name:mix_fin1_stack1	fold:3	acc:0.784012918853	logloss:0.601057026736	bacc:0.696391303696
time:2017-07-12 23:02:03	run_name:mix_fin1_stack1	fold:4	acc:0.77579927155	logloss:0.637974097595	bacc:0.749360447459
time:2017-07-12 23:20:38	run_name:mix_fin1_stack2	fold:0	acc:0.787781350482	logloss:0.636666566652	bacc:0.703315655375
time:2017-07-12 23:28:20	run_name:mix_fin1_stack2	fold:1	acc:0.77527184857	logloss:0.641995478341	bacc:0.711055046036
time:2017-07-12 23:37:10	run_name:mix_fin1_stack2	fold:2	acc:0.785483870968	logloss:0.639908438067	bacc:0.700289625508
time:2017-07-12 23:46:05	run_name:mix_fin1_stack2	fold:3	acc:0.780783205491	logloss:0.601066777495	bacc:0.685019176485
time:2017-07-12 23:55:29	run_name:mix_fin1_stack2	fold:4	acc:0.786726021854	logloss:0.63097662326	bacc:0.743188662867
time:2017-07-13 00:34:31	run_name:mix_fin1_stack3	fold:0	acc:0.784967845659	logloss:0.636044638249	bacc:0.71031753948
time:2017-07-13 00:46:10	run_name:mix_fin1_stack3	fold:1	acc:0.783729359646	logloss:0.637835231277	bacc:0.723579349927
time:2017-07-13 00:58:58	run_name:mix_fin1_stack3	fold:2	acc:0.787096774194	logloss:0.636275238198	bacc:0.703574812932
time:2017-07-13 01:11:33	run_name:mix_fin1_stack3	fold:3	acc:0.786838918046	logloss:0.597573185949	bacc:0.69449578457
time:2017-07-13 01:24:13	run_name:mix_fin1_stack3	fold:4	acc:0.781060299474	logloss:0.627864662015	bacc:0.745179199838
time:2017-07-13 02:10:59	run_name:mix_fin1_greedy5	fold:0	acc:0.788987138264	logloss:0.617079087694	bacc:0.721933324718
time:2017-07-13 02:11:00	run_name:mix_fin1_greedy5	fold:1	acc:0.789770438985	logloss:0.613139002893	bacc:0.730347175385
time:2017-07-13 02:11:01	run_name:mix_fin1_greedy5	fold:2	acc:0.789516129032	logloss:0.619538240727	bacc:0.708364720549
time:2017-07-13 02:11:01	run_name:mix_fin1_greedy5	fold:3	acc:0.788050060557	logloss:0.589926340895	bacc:0.702384851878
time:2017-07-13 02:11:02	run_name:mix_fin1_greedy5	fold:4	acc:0.784702549575	logloss:0.620282308373	bacc:0.743310320088
time:2017-07-13 02:12:38	run_name:mix_fin1_greedy6	fold:0	acc:0.788987138264	logloss:0.617079087694	bacc:0.721933324718
time:2017-07-13 02:12:39	run_name:mix_fin1_greedy6	fold:1	acc:0.789770438985	logloss:0.613139002893	bacc:0.730347175385
time:2017-07-13 02:12:39	run_name:mix_fin1_greedy6	fold:2	acc:0.789516129032	logloss:0.619538240727	bacc:0.708364720549
time:2017-07-13 02:12:39	run_name:mix_fin1_greedy6	fold:3	acc:0.788050060557	logloss:0.589926340895	bacc:0.702384851878
time:2017-07-13 02:12:40	run_name:mix_fin1_greedy6	fold:4	acc:0.784702549575	logloss:0.620282308373	bacc:0.743310320088
time:2017-07-13 02:14:33	run_name:mix_fin1_xxxx	fold:0	acc:0.789790996785	logloss:0.615853570644	bacc:0.723456892647
time:2017-07-13 02:14:33	run_name:mix_fin1_xxxx	fold:1	acc:0.79057591623	logloss:0.612217655028	bacc:0.73473507238
time:2017-07-13 02:14:34	run_name:mix_fin1_xxxx	fold:2	acc:0.788709677419	logloss:0.617831640793	bacc:0.705321208743
time:2017-07-13 02:14:35	run_name:mix_fin1_xxxx	fold:3	acc:0.790472345579	logloss:0.589255612673	bacc:0.700134953684
time:2017-07-13 02:14:35	run_name:mix_fin1_xxxx	fold:4	acc:0.783893160664	logloss:0.620603803649	bacc:0.737989425373
time:2017-07-13 02:16:58	run_name:mix_fin1_greedy6_logloss	fold:0	acc:0.788585209003	logloss:0.614197268932	bacc:0.719806320881
time:2017-07-13 02:17:18	run_name:mix_fin1_greedy6_logloss	fold:1	acc:0.789367700362	logloss:0.608684512762	bacc:0.73554596557
time:2017-07-13 02:17:38	run_name:mix_fin1_greedy6_logloss	fold:2	acc:0.788709677419	logloss:0.611995755867	bacc:0.710279085739
time:2017-07-13 02:17:58	run_name:mix_fin1_greedy6_logloss	fold:3	acc:0.787242632216	logloss:0.582183800622	bacc:0.700921344844
time:2017-07-13 02:18:18	run_name:mix_fin1_greedy6_logloss	fold:4	acc:0.783083771752	logloss:0.617370363144	bacc:0.741853944215
time:2017-07-13 02:19:35	run_name:mix_fin1_greedy6_logloss	fold:0	acc:0.788585209003	logloss:0.614197268932	bacc:0.719806320881
time:2017-07-13 02:19:55	run_name:mix_fin1_greedy6_logloss	fold:1	acc:0.789367700362	logloss:0.608684512762	bacc:0.73554596557
time:2017-07-13 02:20:15	run_name:mix_fin1_greedy6_logloss	fold:2	acc:0.788709677419	logloss:0.611995755867	bacc:0.710279085739
time:2017-07-13 02:20:34	run_name:mix_fin1_greedy6_logloss	fold:3	acc:0.787242632216	logloss:0.582183800622	bacc:0.700921344844
time:2017-07-13 02:20:53	run_name:mix_fin1_greedy6_logloss	fold:4	acc:0.783083771752	logloss:0.617370363144	bacc:0.741853944215
